2026-03-10 21:19:09,514 [INFO] [main] org.apache.kafka.common.config.AbstractConfig (AbstractConfig.java:380) - EmbeddedWorkerConfig values: 
	access.control.allow.methods = 
	access.control.allow.origin = 
	admin.listeners = null
	bootstrap.servers = [localhost:9092]
	client.dns.lookup = use_all_dns_ips
	config.providers = []
	connector.client.config.override.policy = All
	header.converter = class org.apache.kafka.connect.storage.SimpleHeaderConverter
	header.converter.plugin.version = null
	key.converter = class org.apache.kafka.connect.json.JsonConverter
	key.converter.plugin.version = null
	listeners = [http://:8083]
	metric.reporters = [org.apache.kafka.common.metrics.JmxReporter]
	metrics.num.samples = 2
	metrics.recording.level = INFO
	metrics.sample.window.ms = 30000
	offset.flush.interval.ms = 1000
	offset.flush.timeout.ms = 5000
	offset.storage.file.filename = /home/mohnish/pydbzengine/debezium-examples/debezium-python/connect-mode-offsets.dat
	offset.storage.partitions = null
	offset.storage.replication.factor = null
	offset.storage.topic = 
	plugin.discovery = hybrid_warn
	plugin.path = null
	response.http.headers.config = 
	rest.advertised.host.name = null
	rest.advertised.listener = null
	rest.advertised.port = null
	rest.extension.classes = []
	ssl.cipher.suites = null
	ssl.client.auth = none
	ssl.enabled.protocols = [TLSv1.2, TLSv1.3]
	ssl.endpoint.identification.algorithm = https
	ssl.engine.factory.class = null
	ssl.key.password = null
	ssl.keymanager.algorithm = SunX509
	ssl.keystore.certificate.chain = null
	ssl.keystore.key = null
	ssl.keystore.location = null
	ssl.keystore.password = null
	ssl.keystore.type = JKS
	ssl.protocol = TLSv1.3
	ssl.provider = null
	ssl.secure.random.implementation = null
	ssl.trustmanager.algorithm = PKIX
	ssl.truststore.certificates = null
	ssl.truststore.location = null
	ssl.truststore.password = null
	ssl.truststore.type = JKS
	task.shutdown.graceful.timeout.ms = 5000
	topic.creation.enable = true
	topic.tracking.allow.reset = true
	topic.tracking.enable = true
	value.converter = class org.apache.kafka.connect.json.JsonConverter
	value.converter.plugin.version = null

2026-03-10 21:19:09,697 [INFO] [main] org.apache.kafka.common.config.AbstractConfig (AbstractConfig.java:380) - JsonConverterConfig values: 
	converter.type = key
	decimal.format = BASE64
	replace.null.with.default = true
	schemas.cache.size = 1000
	schemas.enable = false

2026-03-10 21:19:09,702 [INFO] [main] org.apache.kafka.common.config.AbstractConfig (AbstractConfig.java:380) - JsonConverterConfig values: 
	converter.type = value
	decimal.format = BASE64
	replace.null.with.default = true
	schemas.cache.size = 1000
	schemas.enable = false

2026-03-10 21:19:09,729 [INFO] [main] io.debezium.embedded.async.AsyncEmbeddedEngine (AsyncEmbeddedEngine.java:783) - Engine state has changed from 'CREATING' to 'INITIALIZING'
2026-03-10 21:19:09,880 [INFO] [main] io.debezium.config.CommonConnectorConfig (CommonConnectorConfig.java:2186) - Loading the custom source info struct maker plugin: io.debezium.connector.postgresql.PostgresSourceInfoStructMaker
2026-03-10 21:19:09,928 [INFO] [main] io.debezium.connector.postgresql.PostgresConnectorConfig (PostgresConnectorConfig.java:1688) - Using LSN flush mode 'connector': Debezium will flush LSN on event processing. The pgjdbc driver keepalive flush is DISABLED; consider using heartbeat.action.query to prevent WAL growth on low-activity databases.
2026-03-10 21:19:09,931 [INFO] [main] io.debezium.connector.postgresql.PostgresConnectorConfig (PostgresConnectorConfig.java:1742) - Using offset mismatch strategy 'no_validation': Connector will not validate slot position and will attempt to stream from the stored offset. Slot recreation is not detected.
2026-03-10 21:19:09,935 [INFO] [main] io.debezium.util.Threads (Threads.java:294) - Requested thread factory for component PostgresConnector, id = connect_test named = connection-validation
2026-03-10 21:19:09,943 [INFO] [main] io.debezium.util.Threads (Threads.java:311) - Creating thread debezium-postgresconnector-connect_test-connection-validation
2026-03-10 21:19:10,565 [INFO] [debezium-postgresconnector-connect_test-connection-validation] io.debezium.connector.postgresql.PostgresConnector (PostgresConnector.java:174) - Successfully tested connection for jdbc:postgresql://localhost:32791/postgres with user 'postgres'
2026-03-10 21:19:10,610 [INFO] [debezium-postgresconnector-connect_test-connection-validation] io.debezium.util.Threads (Threads.java:294) - Requested thread factory for component JdbcConnection, id = JdbcConnection named = jdbc-connection-close
2026-03-10 21:19:10,611 [INFO] [debezium-postgresconnector-connect_test-connection-validation] io.debezium.util.Threads (Threads.java:311) - Creating thread debezium-jdbcconnection-JdbcConnection-jdbc-connection-close
2026-03-10 21:19:10,613 [INFO] [debezium-jdbcconnection-JdbcConnection-jdbc-connection-close] io.debezium.jdbc.JdbcConnection (JdbcConnection.java:980) - Connection gracefully closed
2026-03-10 21:19:10,644 [INFO] [main] org.apache.kafka.common.config.AbstractConfig (AbstractConfig.java:380) - JsonConverterConfig values: 
	converter.type = key
	decimal.format = BASE64
	replace.null.with.default = true
	schemas.cache.size = 1000
	schemas.enable = false

2026-03-10 21:19:10,651 [INFO] [main] org.apache.kafka.connect.storage.FileOffsetBackingStore (FileOffsetBackingStore.java:64) - Starting FileOffsetBackingStore with file /home/mohnish/pydbzengine/debezium-examples/debezium-python/connect-mode-offsets.dat
2026-03-10 21:19:10,659 [INFO] [main] io.debezium.embedded.async.AsyncEmbeddedEngine (AsyncEmbeddedEngine.java:783) - Engine state has changed from 'INITIALIZING' to 'CREATING_TASKS'
2026-03-10 21:19:10,709 [INFO] [main] io.debezium.embedded.async.AsyncEmbeddedEngine (AsyncEmbeddedEngine.java:783) - Engine state has changed from 'CREATING_TASKS' to 'STARTING_TASKS'
2026-03-10 21:19:10,713 [INFO] [main] io.debezium.embedded.async.AsyncEmbeddedEngine (AsyncEmbeddedEngine.java:460) - Waiting max. for 40000 ms for individual source tasks to start.
2026-03-10 21:19:10,714 [INFO] [pool-2-thread-1] io.debezium.config.CommonConnectorConfig (CommonConnectorConfig.java:2186) - Loading the custom source info struct maker plugin: io.debezium.connector.postgresql.PostgresSourceInfoStructMaker
2026-03-10 21:19:10,716 [INFO] [pool-2-thread-1] io.debezium.connector.postgresql.PostgresConnectorConfig (PostgresConnectorConfig.java:1688) - Using LSN flush mode 'connector': Debezium will flush LSN on event processing. The pgjdbc driver keepalive flush is DISABLED; consider using heartbeat.action.query to prevent WAL growth on low-activity databases.
2026-03-10 21:19:10,717 [INFO] [pool-2-thread-1] io.debezium.connector.postgresql.PostgresConnectorConfig (PostgresConnectorConfig.java:1742) - Using offset mismatch strategy 'no_validation': Connector will not validate slot position and will attempt to stream from the stored offset. Slot recreation is not detected.
2026-03-10 21:19:10,735 [INFO] [pool-2-thread-1] io.debezium.openlineage.emitter.NoOpLineageEmitter (NoOpLineageEmitter.java:33) - You are using a no-op lineage emitter. If you want to emit open lineage event, please set 'openlineage.integration.enabled=true'
2026-03-10 21:19:10,743 [INFO] [pool-2-thread-1] io.debezium.connector.common.BaseSourceTask (BaseSourceTask.java:264) - Starting PostgresConnectorTask with configuration:
   connector.class = io.debezium.connector.postgresql.PostgresConnector
   record.processing.shutdown.timeout.ms = 1000
   schema.include.list = inventory
   record.processing.order = ORDERED
   topic.prefix = connect_test
   offset.storage.file.filename = /home/mohnish/pydbzengine/debezium-examples/debezium-python/connect-mode-offsets.dat
   record.processing.threads = 
   errors.retry.delay.initial.ms = 300
   value.converter = org.apache.kafka.connect.json.JsonConverter
   key.converter = org.apache.kafka.connect.json.JsonConverter
   database.user = postgres
   database.dbname = postgres
   offset.storage = org.apache.kafka.connect.storage.FileOffsetBackingStore
   offset.flush.timeout.ms = 5000
   errors.retry.delay.max.ms = 10000
   database.port = 32791
   plugin.name = pgoutput
   offset.flush.interval.ms = 1000
   internal.task.management.timeout.ms = 40000
   record.processing.with.serial.consumer = false
   errors.max.retries = -1
   database.hostname = localhost
   database.password = ********
   name = connect-test-engine
   table.include.list = inventory.customers
   snapshot.mode = initial

2026-03-10 21:19:10,747 [INFO] [pool-2-thread-1] io.debezium.config.CommonConnectorConfig (CommonConnectorConfig.java:2186) - Loading the custom source info struct maker plugin: io.debezium.connector.postgresql.PostgresSourceInfoStructMaker
2026-03-10 21:19:10,749 [INFO] [pool-2-thread-1] io.debezium.connector.postgresql.PostgresConnectorConfig (PostgresConnectorConfig.java:1688) - Using LSN flush mode 'connector': Debezium will flush LSN on event processing. The pgjdbc driver keepalive flush is DISABLED; consider using heartbeat.action.query to prevent WAL growth on low-activity databases.
2026-03-10 21:19:10,750 [INFO] [pool-2-thread-1] io.debezium.connector.postgresql.PostgresConnectorConfig (PostgresConnectorConfig.java:1742) - Using offset mismatch strategy 'no_validation': Connector will not validate slot position and will attempt to stream from the stored offset. Slot recreation is not detected.
2026-03-10 21:19:10,752 [INFO] [pool-2-thread-1] io.debezium.config.CommonConnectorConfig (CommonConnectorConfig.java:1846) - Loading the custom topic naming strategy plugin: io.debezium.schema.SchemaTopicNamingStrategy
2026-03-10 21:19:10,851 [INFO] [pool-2-thread-1] io.debezium.util.Threads (Threads.java:294) - Requested thread factory for component JdbcConnection, id = JdbcConnection named = jdbc-connection-close
2026-03-10 21:19:10,852 [INFO] [pool-2-thread-1] io.debezium.util.Threads (Threads.java:311) - Creating thread debezium-jdbcconnection-JdbcConnection-jdbc-connection-close
2026-03-10 21:19:10,854 [INFO] [debezium-jdbcconnection-JdbcConnection-jdbc-connection-close] io.debezium.jdbc.JdbcConnection (JdbcConnection.java:980) - Connection gracefully closed
2026-03-10 21:19:11,053 [WARN] [pool-2-thread-1] io.debezium.connector.postgresql.TypeRegistry (TypeRegistry.java:147) - Type [oid:13529, name:_pg_user_mappings] is already mapped
2026-03-10 21:19:11,057 [WARN] [pool-2-thread-1] io.debezium.connector.postgresql.TypeRegistry (TypeRegistry.java:147) - Type [oid:13203, name:cardinal_number] is already mapped
2026-03-10 21:19:11,058 [WARN] [pool-2-thread-1] io.debezium.connector.postgresql.TypeRegistry (TypeRegistry.java:147) - Type [oid:13206, name:character_data] is already mapped
2026-03-10 21:19:11,059 [WARN] [pool-2-thread-1] io.debezium.connector.postgresql.TypeRegistry (TypeRegistry.java:147) - Type [oid:13208, name:sql_identifier] is already mapped
2026-03-10 21:19:11,060 [WARN] [pool-2-thread-1] io.debezium.connector.postgresql.TypeRegistry (TypeRegistry.java:147) - Type [oid:13214, name:time_stamp] is already mapped
2026-03-10 21:19:11,060 [WARN] [pool-2-thread-1] io.debezium.connector.postgresql.TypeRegistry (TypeRegistry.java:147) - Type [oid:13216, name:yes_or_no] is already mapped
2026-03-10 21:19:11,237 [INFO] [pool-2-thread-1] io.debezium.connector.common.BaseSourceTask (BaseSourceTask.java:609) - No previous offsets found
2026-03-10 21:19:11,292 [WARN] [pool-2-thread-1] io.debezium.connector.postgresql.TypeRegistry (TypeRegistry.java:147) - Type [oid:13529, name:_pg_user_mappings] is already mapped
2026-03-10 21:19:11,293 [WARN] [pool-2-thread-1] io.debezium.connector.postgresql.TypeRegistry (TypeRegistry.java:147) - Type [oid:13203, name:cardinal_number] is already mapped
2026-03-10 21:19:11,294 [WARN] [pool-2-thread-1] io.debezium.connector.postgresql.TypeRegistry (TypeRegistry.java:147) - Type [oid:13206, name:character_data] is already mapped
2026-03-10 21:19:11,294 [WARN] [pool-2-thread-1] io.debezium.connector.postgresql.TypeRegistry (TypeRegistry.java:147) - Type [oid:13208, name:sql_identifier] is already mapped
2026-03-10 21:19:11,294 [WARN] [pool-2-thread-1] io.debezium.connector.postgresql.TypeRegistry (TypeRegistry.java:147) - Type [oid:13214, name:time_stamp] is already mapped
2026-03-10 21:19:11,295 [WARN] [pool-2-thread-1] io.debezium.connector.postgresql.TypeRegistry (TypeRegistry.java:147) - Type [oid:13216, name:yes_or_no] is already mapped
2026-03-10 21:19:11,341 [INFO] [pool-2-thread-1] io.debezium.connector.postgresql.PostgresConnectorTask (PostgresConnectorTask.java:174) - Guardrail validation skipped
2026-03-10 21:19:11,345 [INFO] [pool-2-thread-1] io.debezium.connector.common.BaseSourceTask (BaseSourceTask.java:98) - Connector started with no previous offset for partition 'PostgresPartition [sourcePartition={server=connect_test}]'
2026-03-10 21:19:11,351 [INFO] [pool-2-thread-1] io.debezium.connector.postgresql.PostgresConnectorTask (PostgresConnectorTask.java:185) - No previous offset found
2026-03-10 21:19:11,372 [INFO] [pool-2-thread-1] io.debezium.connector.postgresql.PostgresConnectorTask (PostgresConnectorTask.java:329) - user 'postgres' connected to database 'postgres' on PostgreSQL 16.4 (Debian 16.4-1.pgdg110+2) on x86_64-pc-linux-gnu, compiled by gcc (Debian 10.2.1-6) 10.2.1 20210110, 64-bit with roles:
	role 'pg_read_all_settings' [superuser: false, replication: false, inherit: true, create role: false, create db: false, can log in: false]
	role 'pg_database_owner' [superuser: false, replication: false, inherit: true, create role: false, create db: false, can log in: false]
	role 'pg_stat_scan_tables' [superuser: false, replication: false, inherit: true, create role: false, create db: false, can log in: false]
	role 'pg_checkpoint' [superuser: false, replication: false, inherit: true, create role: false, create db: false, can log in: false]
	role 'pg_write_server_files' [superuser: false, replication: false, inherit: true, create role: false, create db: false, can log in: false]
	role 'pg_use_reserved_connections' [superuser: false, replication: false, inherit: true, create role: false, create db: false, can log in: false]
	role 'pg_read_all_data' [superuser: false, replication: false, inherit: true, create role: false, create db: false, can log in: false]
	role 'pg_write_all_data' [superuser: false, replication: false, inherit: true, create role: false, create db: false, can log in: false]
	role 'pg_monitor' [superuser: false, replication: false, inherit: true, create role: false, create db: false, can log in: false]
	role 'pg_read_server_files' [superuser: false, replication: false, inherit: true, create role: false, create db: false, can log in: false]
	role 'pg_create_subscription' [superuser: false, replication: false, inherit: true, create role: false, create db: false, can log in: false]
	role 'pg_execute_server_program' [superuser: false, replication: false, inherit: true, create role: false, create db: false, can log in: false]
	role 'pg_read_all_stats' [superuser: false, replication: false, inherit: true, create role: false, create db: false, can log in: false]
	role 'pg_signal_backend' [superuser: false, replication: false, inherit: true, create role: false, create db: false, can log in: false]
	role 'postgres' [superuser: true, replication: true, inherit: true, create role: true, create db: true, can log in: true]
2026-03-10 21:19:11,390 [INFO] [pool-2-thread-1] io.debezium.connector.postgresql.connection.PostgresConnection (PostgresConnection.java:359) - Obtained valid replication slot ReplicationSlot [active=false, latestFlushedLsn=null, catalogXmin=null]
2026-03-10 21:19:11,444 [INFO] [pool-2-thread-1] io.debezium.connector.postgresql.connection.PostgresReplicationConnection (PostgresReplicationConnection.java:219) - Initializing PgOutput logical decoder publication
2026-03-10 21:19:11,452 [INFO] [pool-2-thread-1] io.debezium.connector.postgresql.connection.PostgresReplicationConnection (PostgresReplicationConnection.java:235) - Creating new publication 'dbz_publication' for plugin 'PGOUTPUT'
2026-03-10 21:19:11,464 [INFO] [pool-2-thread-1] io.debezium.connector.postgresql.connection.PostgresReplicationConnection (PostgresReplicationConnection.java:243) - Creating Publication with statement 'CREATE PUBLICATION dbz_publication FOR ALL TABLES;'
2026-03-10 21:19:11,475 [INFO] [pool-2-thread-1] io.debezium.connector.postgresql.connection.PostgresReplicationConnection (PostgresReplicationConnection.java:831) - Creating replication slot with command CREATE_REPLICATION_SLOT "debezium"  LOGICAL pgoutput 
2026-03-10 21:19:11,534 [INFO] [pool-2-thread-1] io.debezium.util.Threads (Threads.java:294) - Requested thread factory for component PostgresConnector, id = connect_test named = SignalProcessor
2026-03-10 21:19:11,591 [INFO] [pool-2-thread-1] io.debezium.util.Threads (Threads.java:294) - Requested thread factory for component PostgresConnector, id = connect_test named = change-event-source-coordinator
2026-03-10 21:19:11,592 [INFO] [pool-2-thread-1] io.debezium.util.Threads (Threads.java:294) - Requested thread factory for component PostgresConnector, id = connect_test named = blocking-snapshot
2026-03-10 21:19:11,611 [INFO] [pool-2-thread-1] io.debezium.util.Threads (Threads.java:311) - Creating thread debezium-postgresconnector-connect_test-change-event-source-coordinator
2026-03-10 21:19:11,616 [INFO] [main] io.debezium.embedded.async.AsyncEmbeddedEngine (AsyncEmbeddedEngine.java:500) - All tasks have started successfully.
2026-03-10 21:19:11,617 [INFO] [main] io.debezium.embedded.async.AsyncEmbeddedEngine (AsyncEmbeddedEngine.java:783) - Engine state has changed from 'STARTING_TASKS' to 'POLLING_TASKS'
2026-03-10 21:19:11,620 [INFO] [main] io.debezium.embedded.async.AsyncEmbeddedEngine (AsyncEmbeddedEngine.java:562) - Using io.debezium.embedded.async.ParallelSmtAndConvertBatchProcessor processor
2026-03-10 21:19:11,780 [INFO] [debezium-postgresconnector-connect_test-change-event-source-coordinator] io.debezium.pipeline.ChangeEventSourceCoordinator (ChangeEventSourceCoordinator.java:138) - Metrics registered
2026-03-10 21:19:11,782 [INFO] [debezium-postgresconnector-connect_test-change-event-source-coordinator] io.debezium.pipeline.ChangeEventSourceCoordinator (ChangeEventSourceCoordinator.java:141) - Context created
2026-03-10 21:19:11,792 [INFO] [debezium-postgresconnector-connect_test-change-event-source-coordinator] io.debezium.connector.postgresql.PostgresSnapshotChangeEventSource (PostgresSnapshotChangeEventSource.java:82) - According to the connector configuration data will be snapshotted
2026-03-10 21:19:11,804 [INFO] [debezium-postgresconnector-connect_test-change-event-source-coordinator] io.debezium.relational.RelationalSnapshotChangeEventSource (RelationalSnapshotChangeEventSource.java:136) - Snapshot step 1 - Preparing
2026-03-10 21:19:11,807 [INFO] [debezium-postgresconnector-connect_test-change-event-source-coordinator] io.debezium.connector.postgresql.PostgresSnapshotChangeEventSource (PostgresSnapshotChangeEventSource.java:268) - Setting isolation level
2026-03-10 21:19:11,809 [INFO] [debezium-postgresconnector-connect_test-change-event-source-coordinator] io.debezium.connector.postgresql.PostgresSnapshotChangeEventSource (PostgresSnapshotChangeEventSource.java:270) - Opening transaction with statement SET TRANSACTION ISOLATION LEVEL REPEATABLE READ; 
SET TRANSACTION SNAPSHOT '00000005-00000004-1';
2026-03-10 21:19:11,813 [INFO] [debezium-postgresconnector-connect_test-change-event-source-coordinator] io.debezium.relational.RelationalSnapshotChangeEventSource (RelationalSnapshotChangeEventSource.java:145) - Snapshot step 2 - Determining captured tables
2026-03-10 21:19:11,827 [INFO] [debezium-postgresconnector-connect_test-change-event-source-coordinator] io.debezium.relational.RelationalSnapshotChangeEventSource (RelationalSnapshotChangeEventSource.java:358) - Adding table inventory.geom to the list of capture schema tables
2026-03-10 21:19:11,827 [INFO] [debezium-postgresconnector-connect_test-change-event-source-coordinator] io.debezium.relational.RelationalSnapshotChangeEventSource (RelationalSnapshotChangeEventSource.java:358) - Adding table inventory.products_on_hand to the list of capture schema tables
2026-03-10 21:19:11,828 [INFO] [debezium-postgresconnector-connect_test-change-event-source-coordinator] io.debezium.relational.RelationalSnapshotChangeEventSource (RelationalSnapshotChangeEventSource.java:358) - Adding table inventory.customers to the list of capture schema tables
2026-03-10 21:19:11,828 [INFO] [debezium-postgresconnector-connect_test-change-event-source-coordinator] io.debezium.relational.RelationalSnapshotChangeEventSource (RelationalSnapshotChangeEventSource.java:358) - Adding table inventory.orders to the list of capture schema tables
2026-03-10 21:19:11,828 [INFO] [debezium-postgresconnector-connect_test-change-event-source-coordinator] io.debezium.relational.RelationalSnapshotChangeEventSource (RelationalSnapshotChangeEventSource.java:358) - Adding table inventory.products to the list of capture schema tables
2026-03-10 21:19:11,835 [INFO] [debezium-postgresconnector-connect_test-change-event-source-coordinator] io.debezium.relational.RelationalSnapshotChangeEventSource (RelationalSnapshotChangeEventSource.java:244) - Created connection pool with 1 threads
2026-03-10 21:19:11,835 [INFO] [debezium-postgresconnector-connect_test-change-event-source-coordinator] io.debezium.relational.RelationalSnapshotChangeEventSource (RelationalSnapshotChangeEventSource.java:154) - Snapshot step 3 - Locking captured tables [inventory.customers]
2026-03-10 21:19:11,847 [INFO] [debezium-postgresconnector-connect_test-change-event-source-coordinator] io.debezium.relational.RelationalSnapshotChangeEventSource (RelationalSnapshotChangeEventSource.java:163) - Snapshot step 4 - Determining snapshot offset
2026-03-10 21:19:11,849 [INFO] [debezium-postgresconnector-connect_test-change-event-source-coordinator] io.debezium.connector.postgresql.PostgresOffsetContext (PostgresOffsetContext.java:240) - Creating initial offset context
2026-03-10 21:19:11,856 [INFO] [debezium-postgresconnector-connect_test-change-event-source-coordinator] io.debezium.connector.postgresql.PostgresOffsetContext (PostgresOffsetContext.java:243) - Read xlogStart at 'LSN{0/2010730}' from transaction '759'
2026-03-10 21:19:11,864 [INFO] [debezium-postgresconnector-connect_test-change-event-source-coordinator] io.debezium.connector.postgresql.PostgresSnapshotChangeEventSource (PostgresSnapshotChangeEventSource.java:176) - Read xlogStart at 'LSN{0/2010730}' from transaction '759'
2026-03-10 21:19:11,865 [INFO] [debezium-postgresconnector-connect_test-change-event-source-coordinator] io.debezium.relational.RelationalSnapshotChangeEventSource (RelationalSnapshotChangeEventSource.java:170) - Snapshot step 5 - Reading structure of captured tables
2026-03-10 21:19:11,866 [INFO] [debezium-postgresconnector-connect_test-change-event-source-coordinator] io.debezium.connector.postgresql.PostgresSnapshotChangeEventSource (PostgresSnapshotChangeEventSource.java:222) - Reading structure of schema 'inventory' of catalog 'postgres'
2026-03-10 21:19:11,939 [INFO] [debezium-postgresconnector-connect_test-change-event-source-coordinator] io.debezium.relational.RelationalSnapshotChangeEventSource (RelationalSnapshotChangeEventSource.java:174) - Snapshot step 6 - Persisting schema history
2026-03-10 21:19:11,940 [INFO] [debezium-postgresconnector-connect_test-change-event-source-coordinator] io.debezium.relational.RelationalSnapshotChangeEventSource (RelationalSnapshotChangeEventSource.java:186) - Snapshot step 7 - Snapshotting data
2026-03-10 21:19:11,943 [INFO] [debezium-postgresconnector-connect_test-change-event-source-coordinator] io.debezium.relational.RelationalSnapshotChangeEventSource (RelationalSnapshotChangeEventSource.java:488) - Creating snapshot worker pool with 1 worker thread(s)
2026-03-10 21:19:11,946 [INFO] [debezium-postgresconnector-connect_test-change-event-source-coordinator] io.debezium.relational.RelationalSnapshotChangeEventSource (RelationalSnapshotChangeEventSource.java:497) - For table 'inventory.customers' using select statement: 'SELECT "id", "first_name", "last_name", "email" FROM "inventory"."customers"'
2026-03-10 21:19:11,953 [INFO] [pool-4-thread-1] io.debezium.relational.RelationalSnapshotChangeEventSource (RelationalSnapshotChangeEventSource.java:619) - Exporting data from table 'inventory.customers' (1 of 1 tables)
2026-03-10 21:19:11,996 [INFO] [pool-4-thread-1] io.debezium.relational.RelationalSnapshotChangeEventSource (RelationalSnapshotChangeEventSource.java:671) - 	 Finished exporting 4 records for table 'inventory.customers' (1 of 1 tables); total duration '00:00:00.043'
2026-03-10 21:19:12,001 [INFO] [debezium-postgresconnector-connect_test-change-event-source-coordinator] io.debezium.pipeline.source.AbstractSnapshotChangeEventSource (AbstractSnapshotChangeEventSource.java:114) - Snapshot - Final stage
2026-03-10 21:19:12,001 [INFO] [debezium-postgresconnector-connect_test-change-event-source-coordinator] io.debezium.pipeline.source.AbstractSnapshotChangeEventSource (AbstractSnapshotChangeEventSource.java:118) - Snapshot completed
2026-03-10 21:19:12,002 [INFO] [debezium-postgresconnector-connect_test-change-event-source-coordinator] io.debezium.pipeline.ChangeEventSourceCoordinator (ChangeEventSourceCoordinator.java:312) - Snapshot ended with SnapshotResult [status=COMPLETED, offset=PostgresOffsetContext [sourceInfoSchema=Schema{io.debezium.connector.postgresql.Source:STRUCT}, sourceInfo=source_info[server='connect_test'db='postgres', lsn=LSN{0/2010730}, txId=759, timestamp=2026-03-10T15:49:11.812658Z, snapshot=FALSE, schema=inventory, table=customers], lastSnapshotRecord=true, lastCompletelyProcessedLsn=null, lastCommitLsn=null, streamingStoppingLsn=null, transactionContext=TransactionContext [currentTransactionId=null, perTableEventCount={}, totalEventCount=0], incrementalSnapshotContext=IncrementalSnapshotContext [windowOpened=false, chunkEndPosition=null, dataCollectionsToSnapshot=[], lastEventKeySent=null, maximumKey=null]]]
2026-03-10 21:19:12,032 [INFO] [debezium-postgresconnector-connect_test-change-event-source-coordinator] io.debezium.util.Threads (Threads.java:294) - Requested thread factory for component PostgresStreamingChangeEventSource, id = connect_test named = lsn-flush
2026-03-10 21:19:12,033 [INFO] [debezium-postgresconnector-connect_test-change-event-source-coordinator] io.debezium.pipeline.ChangeEventSourceCoordinator (ChangeEventSourceCoordinator.java:505) - Connected metrics set to 'true'
2026-03-10 21:19:12,058 [INFO] [debezium-postgresconnector-connect_test-change-event-source-coordinator] io.debezium.connector.postgresql.PostgresSchema (PostgresSchema.java:107) - REPLICA IDENTITY for 'inventory.customers' is 'FULL'; UPDATE AND DELETE events will contain the previous values of all the columns
2026-03-10 21:19:12,081 [INFO] [debezium-postgresconnector-connect_test-change-event-source-coordinator] io.debezium.pipeline.signal.SignalProcessor (SignalProcessor.java:116) - SignalProcessor started. Scheduling it every 5000ms
2026-03-10 21:19:12,083 [INFO] [debezium-postgresconnector-connect_test-change-event-source-coordinator] io.debezium.util.Threads (Threads.java:311) - Creating thread debezium-postgresconnector-connect_test-SignalProcessor
2026-03-10 21:19:12,085 [INFO] [debezium-postgresconnector-connect_test-change-event-source-coordinator] io.debezium.pipeline.ChangeEventSourceCoordinator (ChangeEventSourceCoordinator.java:338) - Starting streaming
2026-03-10 21:19:12,086 [INFO] [debezium-postgresconnector-connect_test-change-event-source-coordinator] io.debezium.connector.postgresql.PostgresStreamingChangeEventSource (PostgresStreamingChangeEventSource.java:172) - Retrieved latest position from stored offset 'LSN{0/2010730}'
2026-03-10 21:19:12,087 [INFO] [debezium-postgresconnector-connect_test-change-event-source-coordinator] io.debezium.connector.postgresql.connection.WalPositionLocator (WalPositionLocator.java:55) - Looking for WAL restart position for last commit LSN 'null' and last change LSN 'LSN{0/2010730}'
2026-03-10 21:19:12,088 [INFO] [debezium-postgresconnector-connect_test-change-event-source-coordinator] io.debezium.connector.postgresql.connection.PostgresReplicationConnection (PostgresReplicationConnection.java:219) - Initializing PgOutput logical decoder publication
2026-03-10 21:19:12,138 [INFO] [debezium-postgresconnector-connect_test-change-event-source-coordinator] io.debezium.connector.postgresql.connection.PostgresConnection (PostgresConnection.java:359) - Obtained valid replication slot ReplicationSlot [active=false, latestFlushedLsn=LSN{0/2010730}, catalogXmin=759]
2026-03-10 21:19:12,140 [INFO] [debezium-postgresconnector-connect_test-change-event-source-coordinator] io.debezium.util.Threads (Threads.java:294) - Requested thread factory for component JdbcConnection, id = JdbcConnection named = jdbc-connection-close
2026-03-10 21:19:12,141 [INFO] [debezium-postgresconnector-connect_test-change-event-source-coordinator] io.debezium.util.Threads (Threads.java:311) - Creating thread debezium-jdbcconnection-JdbcConnection-jdbc-connection-close
2026-03-10 21:19:12,143 [INFO] [debezium-jdbcconnection-JdbcConnection-jdbc-connection-close] io.debezium.jdbc.JdbcConnection (JdbcConnection.java:980) - Connection gracefully closed
2026-03-10 21:19:12,151 [INFO] [debezium-postgresconnector-connect_test-change-event-source-coordinator] io.debezium.connector.postgresql.connection.PostgresReplicationConnection (PostgresReplicationConnection.java:1071) - Starting replication stream from LSN LSN{0/2010730} with automaticFlush=false (mode=CONNECTOR)
2026-03-10 21:19:12,183 [INFO] [debezium-postgresconnector-connect_test-change-event-source-coordinator] io.debezium.util.Threads (Threads.java:294) - Requested thread factory for component PostgresConnector, id = connect_test named = keep-alive
2026-03-10 21:19:12,185 [INFO] [debezium-postgresconnector-connect_test-change-event-source-coordinator] io.debezium.util.Threads (Threads.java:311) - Creating thread debezium-postgresconnector-connect_test-keep-alive
2026-03-10 21:19:12,187 [INFO] [debezium-postgresconnector-connect_test-change-event-source-coordinator] io.debezium.connector.postgresql.PostgresStreamingChangeEventSource (PostgresStreamingChangeEventSource.java:255) - Processing messages
2026-03-10 21:19:12,262 [INFO] [pool-2-thread-1] io.debezium.connector.common.BaseSourceTask (BaseSourceTask.java:602) - Found previous partition offset PostgresPartition [sourcePartition={server=connect_test}]: {lsn=33621808, txId=759, ts_usec=1773157751812658}
